<?xml version="1.0" encoding="UTF-8"?>
<!-- Generated by org.testng.reporters.JUnitReportReporter -->
<testsuite hostname="Aventras-iMac.local" failures="0" tests="1" name="tests.ExtentReportsDemo" time="0.011" errors="0" timestamp="2023-03-13T10:51:29 BDT" skipped="0">
  <testcase classname="tests.ExtentReportsDemo" name="demoTest" time="0.011"/>
  <system-out/>
</testsuite> <!-- tests.ExtentReportsDemo -->
