<?xml version="1.0" encoding="UTF-8"?>
<!-- Generated by org.testng.reporters.JUnitReportReporter -->
<testsuite hostname="Aventras-iMac.local" failures="0" tests="2" name="tests.CheckoutAsGuest" time="132.417" errors="0" timestamp="2023-03-13T12:06:17 BDT" skipped="0">
  <testcase classname="tests.CheckoutAsGuest" name="demoTest" time="0.003"/>
  <system-out/>
  <testcase classname="tests.CheckoutAsGuest" name="PlaceOrder" time="132.414"/>
  <system-out/>
</testsuite> <!-- tests.CheckoutAsGuest -->
