<?xml version="1.0" encoding="UTF-8"?>
<!-- Generated by org.testng.reporters.JUnitReportReporter -->
<testsuite hostname="Aventras-iMac.local" failures="0" tests="2" name="tests.Rgistration" time="26.975" errors="0" timestamp="2023-03-13T10:57:39 BDT" skipped="0">
  <testcase classname="tests.Rgistration" name="Registration" time="26.965"/>
  <system-out/>
  <testcase classname="tests.Rgistration" name="demoTest" time="0.010"/>
  <system-out/>
</testsuite> <!-- tests.Rgistration -->
